0 info it worked if it ends with ok
1 verbose cli [ '/usr/bin/node', '/usr/bin/npm', 'run', 'build' ]
2 info using npm@3.5.2
3 info using node@v8.10.0
4 verbose run-script [ 'prebuild', 'build', 'postbuild' ]
5 info lifecycle cognitive-social-crm@1.0.0~prebuild: cognitive-social-crm@1.0.0
6 verbose lifecycle cognitive-social-crm@1.0.0~prebuild: unsafe-perm in lifecycle true
7 verbose lifecycle cognitive-social-crm@1.0.0~prebuild: PATH: /usr/share/npm/bin/node-gyp-bin:/home/prem/IBM/cognitive-social-crm/node_modules/.bin:/home/prem/miniconda3/bin:/home/prem/miniconda3/condabin:/usr/local/sbin:/usr/local/bin:/usr/sbin:/usr/bin:/sbin:/bin:/usr/games:/usr/local/games:/snap/bin
8 verbose lifecycle cognitive-social-crm@1.0.0~prebuild: CWD: /home/prem/IBM/cognitive-social-crm
9 silly lifecycle cognitive-social-crm@1.0.0~prebuild: Args: [ '-c', 'rm -rf dist' ]
10 silly lifecycle cognitive-social-crm@1.0.0~prebuild: Returned: code: 0  signal: null
11 info lifecycle cognitive-social-crm@1.0.0~build: cognitive-social-crm@1.0.0
12 verbose lifecycle cognitive-social-crm@1.0.0~build: unsafe-perm in lifecycle true
13 verbose lifecycle cognitive-social-crm@1.0.0~build: PATH: /usr/share/npm/bin/node-gyp-bin:/home/prem/IBM/cognitive-social-crm/node_modules/.bin:/home/prem/miniconda3/bin:/home/prem/miniconda3/condabin:/usr/local/sbin:/usr/local/bin:/usr/sbin:/usr/bin:/sbin:/bin:/usr/games:/usr/local/games:/snap/bin
14 verbose lifecycle cognitive-social-crm@1.0.0~build: CWD: /home/prem/IBM/cognitive-social-crm
15 silly lifecycle cognitive-social-crm@1.0.0~build: Args: [ '-c',
15 silly lifecycle   'concurrently "npm run build:client" "npm run build:server"' ]
16 silly lifecycle cognitive-social-crm@1.0.0~build: Returned: code: 1  signal: null
17 info lifecycle cognitive-social-crm@1.0.0~build: Failed to exec build script
18 verbose stack Error: cognitive-social-crm@1.0.0 build: `concurrently "npm run build:client" "npm run build:server"`
18 verbose stack Exit status 1
18 verbose stack     at EventEmitter.<anonymous> (/usr/share/npm/lib/utils/lifecycle.js:232:16)
18 verbose stack     at emitTwo (events.js:126:13)
18 verbose stack     at EventEmitter.emit (events.js:214:7)
18 verbose stack     at ChildProcess.<anonymous> (/usr/share/npm/lib/utils/spawn.js:24:14)
18 verbose stack     at emitTwo (events.js:126:13)
18 verbose stack     at ChildProcess.emit (events.js:214:7)
18 verbose stack     at maybeClose (internal/child_process.js:925:16)
18 verbose stack     at Process.ChildProcess._handle.onexit (internal/child_process.js:209:5)
19 verbose pkgid cognitive-social-crm@1.0.0
20 verbose cwd /home/prem/IBM/cognitive-social-crm
21 error Linux 5.0.0-32-generic
22 error argv "/usr/bin/node" "/usr/bin/npm" "run" "build"
23 error node v8.10.0
24 error npm  v3.5.2
25 error code ELIFECYCLE
26 error cognitive-social-crm@1.0.0 build: `concurrently "npm run build:client" "npm run build:server"`
26 error Exit status 1
27 error Failed at the cognitive-social-crm@1.0.0 build script 'concurrently "npm run build:client" "npm run build:server"'.
27 error Make sure you have the latest version of node.js and npm installed.
27 error If you do, this is most likely a problem with the cognitive-social-crm package,
27 error not with npm itself.
27 error Tell the author that this fails on your system:
27 error     concurrently "npm run build:client" "npm run build:server"
27 error You can get information on how to open an issue for this project with:
27 error     npm bugs cognitive-social-crm
27 error Or if that isn't available, you can get their info via:
27 error     npm owner ls cognitive-social-crm
27 error There is likely additional logging output above.
28 verbose exit [ 1, true ]
